2026-02-10 22:16:10 - EXCEÇÃO EM imprimirEtiquetaLoteItem
Mensagem: Erro ao converter na API Labelary. Código HTTP: 413 | Erro cURL: Nenhum detalhe disponível
Arquivo: C:\xampp\htdocs\marchef\public\ajax_router.php (linha: 2571)
Trace:
#0 C:\xampp\htdocs\marchef\public\ajax_router.php(389): imprimirEtiquetaLoteItem(Object(PDO), Object(App\Labels\LabelService))
#1 {main}
ZPL gerado (primeiros 2000 chars):
﻿CT~~CD,~CC^~CT~
^XA~DYE:ArialItalic.ttf,T,207808,^CI28~TA000~JSN^LT0^MNW^PON^PMN^LH0,0^JMA^PR4,4~SD8^JUS^LRN^CI0^XZ
^XA^CI28
^MMT
^PW831
^LL1119
^LS0
^FO384,32^GFA,04224,04224,00012,:Z64:
eJzNl7Fu2zAQhikosEauHATzFTJ6MKBX8SNIyOKhiPQmeY2MBDJk7Cs4yNA13ToYcY+I7u5XKqUkEru96Yty/Hl35JG0MZ+0clDule0rfL5Xbjfz3+0RNEFnog9W/VJuTsr7Sv3bcp7RB8eiJpqHEJqg3B7+zv1pmGW0FB80rFVu7ktztaiPIXwDXliLLuTxV9WkvlXeQh26Z/XvHpRvHpWbO/X39ay8MZsEzrVL9kuh7GFv9HfKHczbHYADyGfuzx5zgXWZxIaMsYE/6qC1CZyyz5d4YksxL/D/Viu3Ut5aU30fh9NZYU+HN6bzwV3v/uRNZewpvLF/1bFL5yTl61kTOQ4RKoZilPxoT1ZhjIH2pH9hDsZtd6LvrPK61LlWRlnMkSZPQWeF57z2z4M7jDot8Y65HNbFqLOxZs2tRHWQqWIdPE7C/5j2uORCPS65UC9LLtTjmsu9kVyoxzWXaY/LWkQ3qLOs3YTLQdYxxsNj3505rhk0HvaP3yX+o6mZScc/ab7FE4QngR1NxS1A95TEQHvPmVEn7jdgC/tHxqb0UZwuKLvdDNN6ic8H96aHvhCOPj7I2IJLFzVfVGp2/y/Gn3Y+y76NvcCa1As1vzNIf5YxHuAruBNXwCWx5EUs6xX7i3sh6kN/CdP5KT6t0bUmFs13Z2PF76ro36h/vVcdyYXu+vrnyNS/9sfoT3d99agxi37uXZ99bi/594qTN2rIm+szPhACNSD8AQ87/I7+uXVIsUu+1dHOvUa5dtE6XPDtd+732Lnf+blr7aBuGM8e4mmRYR3pLaHxgE7KfsYcUzgpr3/0G4HtNzSFrqc=:AA7F
^FO128,384^GFA,01408,01408,00004,:Z64:
eJxjYMAAHKN4FA9SLDCKR/EgxGQDAGyDD5k=:BA5A
^FO128,384^GFA,15488,15488,00044,:Z64:
eJztm0+IG9cdx9/oqSNtPFmNvG76jJWdJRtCoCYoidu6sVkJK7hgl/YaehppSi7tQakvTu2sBEqFD27ZU9iDaQ4xPeVgegg95DDjSTa+hOyp+BDC0A3G0FJEAkElYre/9948zXszo9FMkxRaspd9WJ99+s3v3/f3ZsYI/V//VI5y/RRmEcII2UhHyEVkwZoxEqsF+VnrMD9rGPnZIvY+UoBtFGBXC7DVAmyRa7O28rOVaYEYF7ChViQfJtHnNTObJdLn1k42a5puleh0XdXr+8BqGLmwTme9T0jLh/VAJxPvM3LOx1O6DtLs9b8gtgNrb0z6/m/JtqMbsD55J5Xd5OxwjEx/nfzSKRuwrptpMfYxaR7A+oCyq/B3lQasrZR9CfJKwt7ajq+TDYfZW0uzV/L/qf0l+SDFgkyW5KTM9pfkjrxX8+vLnfUCOWl+Q/WGJgXYnfzs4wX2rRSpzQL7Ws0CbAEbjG8qFv8J20erEruawmbIZyG2/F+/tuS6n5/1pgXYAtdWhHUL2PDVfIZni9gPZwl24Qzz/uk4Wzq+cN8nE/s+F2PxiNfW5P3zCfaLGPtzP2RdkvSD97HC/tRhayPVZ6Bv4Zpp83VH/N0whd2kGkt1lbGNDtdY01tJ1bcW19Ww/rlm7XiVFHtLoH9MV3XkHwLL1qf2vd8ntGUIe9lOuUw1lrFXmMaak2TuQO9rkLMHTFfhO4YEcY2l+pXQ2ObdLWEvXLsr7CV9L8madx3FZ7XwOkwv4TOYCQ4UtuUvrLdK4P1NsMxntjP/u6W53j8Q7CRhbxBjQxsM5N2Is3SuSctfPaWO62b+mrcW7JtW8zlnAp

